<?xml version="1.0" encoding="UTF-8"?>
<!-- Generated by org.testng.reporters.JUnitReportReporter -->
<testsuite hostname="MSI" failures="0" tests="1" name="com.cybersuccess.OrangeHrmAutomationProject.AppTest" time="0.015" errors="0" timestamp="2022-04-30T19:55:06 IST" skipped="0">
  <testcase classname="com.cybersuccess.OrangeHrmAutomationProject.AppTest" name="shouldAnswerWithTrue" time="0.015"/>
  <system-out/>
</testsuite> <!-- com.cybersuccess.OrangeHrmAutomationProject.AppTest -->
