<?xml version="1.0" encoding="UTF-8"?>
<!-- Generated by org.testng.reporters.JUnitReportReporter -->
<testsuite hostname="MSI" failures="0" tests="1" name="login.SmpleTestCases" time="9.731" errors="0" timestamp="2022-05-04T19:51:24 IST" skipped="0">
  <testcase classname="login.SmpleTestCases" name="testCase" time="9.731"/>
  <system-out/>
</testsuite> <!-- login.SmpleTestCases -->
