<?xml version="1.0" encoding="UTF-8"?>
<!-- Generated by org.testng.reporters.JUnitReportReporter -->
<testsuite hostname="MSI" failures="0" tests="1" name="login.LoginTest" time="7.893" errors="0" timestamp="2022-05-01T16:42:25 IST" skipped="0">
  <testcase classname="login.LoginTest" name="testLoadHomepage" time="7.893"/>
  <system-out/>
</testsuite> <!-- login.LoginTest -->
