<?xml version="1.0" encoding="UTF-8"?>
<!-- Generated by org.testng.reporters.JUnitReportReporter -->
<testsuite hostname="MSI" failures="0" tests="1" name="com.cybersuccess.OrangeHrmAutomationProject.AppTest" time="0.023" errors="0" timestamp="2022-05-07T10:35:05 IST" skipped="0">
  <testcase classname="com.cybersuccess.OrangeHrmAutomationProject.AppTest" name="shouldAnswerWithTrue" time="0.023"/>
  <system-out/>
</testsuite> <!-- com.cybersuccess.OrangeHrmAutomationProject.AppTest -->
