<?xml version="1.0" encoding="UTF-8"?>
<!-- Generated by org.testng.reporters.JUnitReportReporter -->
<testsuite hostname="MSI" failures="0" tests="1" name="login.SmpleTestCases" time="12.256" errors="0" timestamp="2022-05-07T10:35:05 IST" skipped="0">
  <testcase classname="login.SmpleTestCases" name="testCase" time="12.256"/>
  <system-out/>
</testsuite> <!-- login.SmpleTestCases -->
